[debug] [2023-08-21T16:45:42.256Z] ----------------------------------------------------------------------
[debug] [2023-08-21T16:45:42.258Z] Command:       C:\Program Files\nodejs\node.exe C:\Users\kevin\AppData\Roaming\npm\node_modules\firebase-tools\lib\bin\firebase.js init
[debug] [2023-08-21T16:45:42.258Z] CLI Version:   12.4.8
[debug] [2023-08-21T16:45:42.259Z] Platform:      win32
[debug] [2023-08-21T16:45:42.259Z] Node Version:  v20.2.0
[debug] [2023-08-21T16:45:42.259Z] Time:          Mon Aug 21 2023 10:45:42 GMT-0600 (hora estándar central)
[debug] [2023-08-21T16:45:42.259Z] ----------------------------------------------------------------------
[debug] 
[debug] [2023-08-21T16:45:42.266Z] > command requires scopes: ["email","openid","https://www.googleapis.com/auth/cloudplatformprojects.readonly","https://www.googleapis.com/auth/firebase","https://www.googleapis.com/auth/cloud-platform"]
[debug] [2023-08-21T16:45:42.267Z] > authorizing via signed-in user (kev.cab3luna@gmail.com)
[info] 
     ######## #### ########  ######## ########     ###     ######  ########
     ##        ##  ##     ## ##       ##     ##  ##   ##  ##       ##
     ######    ##  ########  ######   ########  #########  ######  ######
     ##        ##  ##    ##  ##       ##     ## ##     ##       ## ##
     ##       #### ##     ## ######## ########  ##     ##  ######  ########

You're about to initialize a Firebase project in this directory:

  C:\Users\kevin\Desktop\Cal\calculadora

[info] 
=== Project Setup
[info] 
[info] First, let's associate this project directory with a Firebase project.
[info] You can create multiple project aliases by running firebase use --add, 
[info] but for now we'll just set up a default project.
[info] 
[debug] [2023-08-21T16:45:50.074Z] >>> [apiv2][query] GET https://firebase.googleapis.com/v1beta1/projects pageSize=100
[debug] [2023-08-21T16:45:51.175Z] <<< [apiv2][status] GET https://firebase.googleapis.com/v1beta1/projects 200
[debug] [2023-08-21T16:45:51.175Z] <<< [apiv2][body] GET https://firebase.googleapis.com/v1beta1/projects [omitted]
[info] i  Using project calculadora-69af6 (calculadora) 
[info] 
=== Database Setup
[info] i  database: ensuring required API firebasedatabase.googleapis.com is enabled... 
[debug] [2023-08-21T16:45:53.200Z] >>> [apiv2][query] GET https://serviceusage.googleapis.com/v1/projects/calculadora-69af6/services/firebasedatabase.googleapis.com [none]
[debug] [2023-08-21T16:45:53.200Z] >>> [apiv2][(partial)header] GET https://serviceusage.googleapis.com/v1/projects/calculadora-69af6/services/firebasedatabase.googleapis.com x-goog-quota-user=projects/calculadora-69af6
[debug] [2023-08-21T16:45:53.616Z] <<< [apiv2][status] GET https://serviceusage.googleapis.com/v1/projects/calculadora-69af6/services/firebasedatabase.googleapis.com 200
[debug] [2023-08-21T16:45:53.616Z] <<< [apiv2][body] GET https://serviceusage.googleapis.com/v1/projects/calculadora-69af6/services/firebasedatabase.googleapis.com [omitted]
[info] +  database: required API firebasedatabase.googleapis.com is enabled 
[info] 
[debug] [2023-08-21T16:45:53.617Z] >>> [apiv2][query] GET https://firebasedatabase.googleapis.com/v1beta/projects/calculadora-69af6/locations/-/instances/calculadora-69af6-default-rtdb [none]
[debug] [2023-08-21T16:45:54.056Z] <<< [apiv2][status] GET https://firebasedatabase.googleapis.com/v1beta/projects/calculadora-69af6/locations/-/instances/calculadora-69af6-default-rtdb 200
[debug] [2023-08-21T16:45:54.056Z] <<< [apiv2][body] GET https://firebasedatabase.googleapis.com/v1beta/projects/calculadora-69af6/locations/-/instances/calculadora-69af6-default-rtdb {"name":"projects/333169612360/locations/us-central1/instances/calculadora-69af6-default-rtdb","project":"projects/333169612360","databaseUrl":"https://calculadora-69af6-default-rtdb.firebaseio.com","type":"DEFAULT_DATABASE","state":"ACTIVE"}
[info] 
[info] Firebase Realtime Database Security Rules allow you to define how your data should be
[info] structured and when your data can be read from and written to.
[info] 
[debug] [2023-08-21T16:45:59.519Z] >>> [apiv2][query] GET https://calculadora-69af6-default-rtdb.firebaseio.com/.settings/rules.json [none]
[debug] [2023-08-21T16:46:00.484Z] <<< [apiv2][status] GET https://calculadora-69af6-default-rtdb.firebaseio.com/.settings/rules.json 200
[debug] [2023-08-21T16:46:00.484Z] <<< [apiv2][body] GET https://calculadora-69af6-default-rtdb.firebaseio.com/.settings/rules.json [stream]
[info] +  Database Rules for calculadora-69af6-default-rtdb have been written to database.rules.json. 
[info] Future modifications to database.rules.json will update Realtime Database Security Rules when you run
[info] firebase deploy.
[info] 
=== Firestore Setup
[debug] [2023-08-21T16:46:00.488Z] >>> [apiv2][query] GET https://serviceusage.googleapis.com/v1/projects/calculadora-69af6/services/firestore.googleapis.com [none]
[debug] [2023-08-21T16:46:00.488Z] >>> [apiv2][(partial)header] GET https://serviceusage.googleapis.com/v1/projects/calculadora-69af6/services/firestore.googleapis.com x-goog-quota-user=projects/calculadora-69af6
[debug] [2023-08-21T16:46:00.870Z] <<< [apiv2][status] GET https://serviceusage.googleapis.com/v1/projects/calculadora-69af6/services/firestore.googleapis.com 200
[debug] [2023-08-21T16:46:00.870Z] <<< [apiv2][body] GET https://serviceusage.googleapis.com/v1/projects/calculadora-69af6/services/firestore.googleapis.com [omitted]
[debug] [2023-08-21T16:46:00.871Z] >>> [apiv2][query] GET https://firestore.googleapis.com/v1/projects/calculadora-69af6/databases/(default) [none]
[debug] [2023-08-21T16:46:01.237Z] <<< [apiv2][status] GET https://firestore.googleapis.com/v1/projects/calculadora-69af6/databases/(default) 200
[debug] [2023-08-21T16:46:01.237Z] <<< [apiv2][body] GET https://firestore.googleapis.com/v1/projects/calculadora-69af6/databases/(default) {"name":"projects/calculadora-69af6/databases/(default)","uid":"ac1119c4-79eb-4008-92b8-e33d3aa824e0","createTime":"2023-08-21T16:45:18.166230Z","updateTime":"2023-08-21T16:45:18.166230Z","locationId":"nam5","type":"FIRESTORE_NATIVE","concurrencyMode":"PESSIMISTIC","versionRetentionPeriod":"3600s","earliestVersionTime":"2023-08-21T16:45:18.166230Z","appEngineIntegrationMode":"DISABLED","keyPrefix":"s","pointInTimeRecoveryEnablement":"POINT_IN_TIME_RECOVERY_DISABLED","deleteProtectionState":"DELETE_PROTECTION_DISABLED","etag":"IOK2wuiZ7oADMNbZ6dOZ7oAD"}
[debug] [2023-08-21T16:46:01.237Z] database_type: FIRESTORE_NATIVE
[debug] [2023-08-21T16:46:01.238Z] > command requires scopes: ["email","openid","https://www.googleapis.com/auth/cloudplatformprojects.readonly","https://www.googleapis.com/auth/firebase","https://www.googleapis.com/auth/cloud-platform"]
[debug] [2023-08-21T16:46:01.238Z] > authorizing via signed-in user (kev.cab3luna@gmail.com)
[debug] [2023-08-21T16:46:01.238Z] [iam] checking project calculadora-69af6 for permissions ["firebase.projects.get"]
[debug] [2023-08-21T16:46:01.238Z] >>> [apiv2][query] POST https://cloudresourcemanager.googleapis.com/v1/projects/calculadora-69af6:testIamPermissions [none]
[debug] [2023-08-21T16:46:01.238Z] >>> [apiv2][(partial)header] POST https://cloudresourcemanager.googleapis.com/v1/projects/calculadora-69af6:testIamPermissions x-goog-quota-user=projects/calculadora-69af6
[debug] [2023-08-21T16:46:01.238Z] >>> [apiv2][body] POST https://cloudresourcemanager.googleapis.com/v1/projects/calculadora-69af6:testIamPermissions {"permissions":["firebase.projects.get"]}
[debug] [2023-08-21T16:46:01.585Z] <<< [apiv2][status] POST https://cloudresourcemanager.googleapis.com/v1/projects/calculadora-69af6:testIamPermissions 200
[debug] [2023-08-21T16:46:01.585Z] <<< [apiv2][body] POST https://cloudresourcemanager.googleapis.com/v1/projects/calculadora-69af6:testIamPermissions {"permissions":["firebase.projects.get"]}
[info] 
[info] Firestore Security Rules allow you to define how and when to allow
[info] requests. You can keep these rules in your project directory
[info] and publish them with firebase deploy.
[info] 
[debug] [2023-08-21T16:46:05.017Z] >>> [apiv2][query] GET https://firebaserules.googleapis.com/v1/projects/calculadora-69af6/releases pageSize=10&pageToken=
[debug] [2023-08-21T16:46:05.225Z] <<< [apiv2][status] GET https://firebaserules.googleapis.com/v1/projects/calculadora-69af6/releases 200
[debug] [2023-08-21T16:46:05.226Z] <<< [apiv2][body] GET https://firebaserules.googleapis.com/v1/projects/calculadora-69af6/releases {"releases":[{"name":"projects/calculadora-69af6/releases/cloud.firestore","rulesetName":"projects/calculadora-69af6/rulesets/26a8d2b0-bbd5-4bac-a45b-23d1aaefd49d","createTime":"2023-08-21T16:45:22.318890Z","updateTime":"2023-08-21T16:45:22.318890Z"}]}
[debug] [2023-08-21T16:46:05.226Z] Found ruleset: projects/calculadora-69af6/rulesets/26a8d2b0-bbd5-4bac-a45b-23d1aaefd49d
[debug] [2023-08-21T16:46:05.227Z] >>> [apiv2][query] GET https://firebaserules.googleapis.com/v1/projects/calculadora-69af6/rulesets/26a8d2b0-bbd5-4bac-a45b-23d1aaefd49d [none]
[debug] [2023-08-21T16:46:05.364Z] <<< [apiv2][status] GET https://firebaserules.googleapis.com/v1/projects/calculadora-69af6/rulesets/26a8d2b0-bbd5-4bac-a45b-23d1aaefd49d 200
[debug] [2023-08-21T16:46:05.364Z] <<< [apiv2][body] GET https://firebaserules.googleapis.com/v1/projects/calculadora-69af6/rulesets/26a8d2b0-bbd5-4bac-a45b-23d1aaefd49d [omitted]
[info] 
[info] Firestore indexes allow you to perform complex queries while
[info] maintaining performance that scales with the size of the result
[info] set. You can keep index definitions in your project directory
[info] and publish them with firebase deploy.
[info] 
[debug] [2023-08-21T16:46:08.777Z] >>> [apiv2][query] GET https://firestore.googleapis.com/v1/projects/calculadora-69af6/databases/(default)/collectionGroups/-/indexes [none]
[debug] [2023-08-21T16:46:08.779Z] >>> [apiv2][query] GET https://firestore.googleapis.com/v1/projects/calculadora-69af6/databases/(default)/collectionGroups/-/fields?filter=indexConfig.usesAncestorConfig=false OR ttlConfig:* [none]
[debug] [2023-08-21T16:46:09.159Z] <<< [apiv2][status] GET https://firestore.googleapis.com/v1/projects/calculadora-69af6/databases/(default)/collectionGroups/-/indexes 200
[debug] [2023-08-21T16:46:09.159Z] <<< [apiv2][body] GET https://firestore.googleapis.com/v1/projects/calculadora-69af6/databases/(default)/collectionGroups/-/indexes {}
[debug] [2023-08-21T16:46:09.422Z] <<< [apiv2][status] GET https://firestore.googleapis.com/v1/projects/calculadora-69af6/databases/(default)/collectionGroups/-/fields?filter=indexConfig.usesAncestorConfig=false OR ttlConfig:* 200
[debug] [2023-08-21T16:46:09.423Z] <<< [apiv2][body] GET https://firestore.googleapis.com/v1/projects/calculadora-69af6/databases/(default)/collectionGroups/-/fields?filter=indexConfig.usesAncestorConfig=false OR ttlConfig:* {"fields":[{"name":"projects/calculadora-69af6/databases/(default)/collectionGroups/__default__/fields/*","indexConfig":{"indexes":[{"queryScope":"COLLECTION","fields":[{"fieldPath":"*","order":"ASCENDING"}],"state":"READY"},{"queryScope":"COLLECTION","fields":[{"fieldPath":"*","order":"DESCENDING"}],"state":"READY"},{"queryScope":"COLLECTION","fields":[{"fieldPath":"*","arrayConfig":"CONTAINS"}],"state":"READY"}]}}]}
[info] 
=== Functions Setup
[debug] [2023-08-21T16:46:09.425Z] > command requires scopes: ["email","openid","https://www.googleapis.com/auth/cloudplatformprojects.readonly","https://www.googleapis.com/auth/firebase","https://www.googleapis.com/auth/cloud-platform"]
[debug] [2023-08-21T16:46:09.425Z] > authorizing via signed-in user (kev.cab3luna@gmail.com)
[debug] [2023-08-21T16:46:09.425Z] [iam] checking project calculadora-69af6 for permissions ["firebase.projects.get"]
[debug] [2023-08-21T16:46:09.426Z] >>> [apiv2][query] POST https://cloudresourcemanager.googleapis.com/v1/projects/calculadora-69af6:testIamPermissions [none]
[debug] [2023-08-21T16:46:09.426Z] >>> [apiv2][(partial)header] POST https://cloudresourcemanager.googleapis.com/v1/projects/calculadora-69af6:testIamPermissions x-goog-quota-user=projects/calculadora-69af6
[debug] [2023-08-21T16:46:09.426Z] >>> [apiv2][body] POST https://cloudresourcemanager.googleapis.com/v1/projects/calculadora-69af6:testIamPermissions {"permissions":["firebase.projects.get"]}
[debug] [2023-08-21T16:46:09.728Z] <<< [apiv2][status] POST https://cloudresourcemanager.googleapis.com/v1/projects/calculadora-69af6:testIamPermissions 200
[debug] [2023-08-21T16:46:09.729Z] <<< [apiv2][body] POST https://cloudresourcemanager.googleapis.com/v1/projects/calculadora-69af6:testIamPermissions {"permissions":["firebase.projects.get"]}
[debug] [2023-08-21T16:46:09.729Z] >>> [apiv2][query] GET https://serviceusage.googleapis.com/v1/projects/calculadora-69af6/services/cloudfunctions.googleapis.com [none]
[debug] [2023-08-21T16:46:09.729Z] >>> [apiv2][(partial)header] GET https://serviceusage.googleapis.com/v1/projects/calculadora-69af6/services/cloudfunctions.googleapis.com x-goog-quota-user=projects/calculadora-69af6
[debug] [2023-08-21T16:46:09.731Z] >>> [apiv2][query] GET https://serviceusage.googleapis.com/v1/projects/calculadora-69af6/services/runtimeconfig.googleapis.com [none]
[debug] [2023-08-21T16:46:09.731Z] >>> [apiv2][(partial)header] GET https://serviceusage.googleapis.com/v1/projects/calculadora-69af6/services/runtimeconfig.googleapis.com x-goog-quota-user=projects/calculadora-69af6
[debug] [2023-08-21T16:46:10.175Z] <<< [apiv2][status] GET https://serviceusage.googleapis.com/v1/projects/calculadora-69af6/services/cloudfunctions.googleapis.com 200
[debug] [2023-08-21T16:46:10.175Z] <<< [apiv2][body] GET https://serviceusage.googleapis.com/v1/projects/calculadora-69af6/services/cloudfunctions.googleapis.com [omitted]
[debug] [2023-08-21T16:46:10.175Z] >>> [apiv2][query] POST https://serviceusage.googleapis.com/v1/projects/calculadora-69af6/services/cloudfunctions.googleapis.com:enable [none]
[debug] [2023-08-21T16:46:10.175Z] >>> [apiv2][(partial)header] POST https://serviceusage.googleapis.com/v1/projects/calculadora-69af6/services/cloudfunctions.googleapis.com:enable x-goog-quota-user=projects/calculadora-69af6
[debug] [2023-08-21T16:46:10.230Z] <<< [apiv2][status] GET https://serviceusage.googleapis.com/v1/projects/calculadora-69af6/services/runtimeconfig.googleapis.com 200
[debug] [2023-08-21T16:46:10.230Z] <<< [apiv2][body] GET https://serviceusage.googleapis.com/v1/projects/calculadora-69af6/services/runtimeconfig.googleapis.com [omitted]
[debug] [2023-08-21T16:46:10.449Z] <<< [apiv2][status] POST https://serviceusage.googleapis.com/v1/projects/calculadora-69af6/services/cloudfunctions.googleapis.com:enable 200
[debug] [2023-08-21T16:46:10.449Z] <<< [apiv2][body] POST https://serviceusage.googleapis.com/v1/projects/calculadora-69af6/services/cloudfunctions.googleapis.com:enable [omitted]
[debug] [2023-08-21T16:46:20.465Z] >>> [apiv2][query] GET https://serviceusage.googleapis.com/v1/projects/calculadora-69af6/services/cloudfunctions.googleapis.com [none]
[debug] [2023-08-21T16:46:20.465Z] >>> [apiv2][(partial)header] GET https://serviceusage.googleapis.com/v1/projects/calculadora-69af6/services/cloudfunctions.googleapis.com x-goog-quota-user=projects/calculadora-69af6
[debug] [2023-08-21T16:46:20.869Z] <<< [apiv2][status] GET https://serviceusage.googleapis.com/v1/projects/calculadora-69af6/services/cloudfunctions.googleapis.com 200
[debug] [2023-08-21T16:46:20.869Z] <<< [apiv2][body] GET https://serviceusage.googleapis.com/v1/projects/calculadora-69af6/services/cloudfunctions.googleapis.com [omitted]
[info] Let's create a new codebase for your functions.
[info] A directory corresponding to the codebase will be created in your project
[info] with sample code pre-configured.

[info] See https://firebase.google.com/docs/functions/organize-functions for
[info] more information on organizing your functions using codebases.

[info] Functions can be deployed with firebase deploy.

[info] +  Wrote functions/package.json 
[info] +  Wrote functions/.eslintrc.js 
[info] +  Wrote functions/index.js 
[info] +  Wrote functions/.gitignore 
[info] 
=== Hosting Setup
[info] 
[info] Your public directory is the folder (relative to your project directory) that
[info] will contain Hosting assets to be uploaded with firebase deploy. If you
[info] have a build process for your assets, use your build's output directory.
[info] 
[debug] [2023-08-21T16:49:44.725Z] >>> [apiv2][query] GET https://www.gstatic.com/firebasejs/releases.json [none]
[debug] [2023-08-21T16:49:44.893Z] <<< [apiv2][status] GET https://www.gstatic.com/firebasejs/releases.json 200
[debug] [2023-08-21T16:49:44.893Z] <<< [apiv2][body] GET https://www.gstatic.com/firebasejs/releases.json {"current":{"version":"10.2.0","browserURL":"https://www.gstatic.com/firebasejs/10.2.0/firebase.js","packageURL":"https://www.gstatic.com/firebasejs/10.2.0/firebase.tgz"},"live":{"version":"10.2","browserURL":"https://www.gstatic.com/firebasejs/live/10.2/firebase.js","packageURL":"https://www.gstatic.com/firebasejs/live/10.2/firebase.tgz"},"components":{"analytics":"https://www.gstatic.com/firebasejs/10.2.0/firebase-analytics.js","app":"https://www.gstatic.com/firebasejs/10.2.0/firebase-app.js","app-check":"https://www.gstatic.com/firebasejs/10.2.0/firebase-app-check.js","auth":"https://www.gstatic.com/firebasejs/10.2.0/firebase-auth.js","auth/cordova":"https://www.gstatic.com/firebasejs/10.2.0/firebase-auth/cordova.js","functions":"https://www.gstatic.com/firebasejs/10.2.0/firebase-functions.js","firestore":"https://www.gstatic.com/firebasejs/10.2.0/firebase-firestore.js","firestore/lite":"https://www.gstatic.com/firebasejs/10.2.0/firebase-firestore/lite.js","installations":"https://www.gstatic.com/firebasejs/10.2.0/firebase-installations.js","storage":"https://www.gstatic.com/firebasejs/10.2.0/firebase-storage.js","performance":"https://www.gstatic.com/firebasejs/10.2.0/firebase-performance.js","remote-config":"https://www.gstatic.com/firebasejs/10.2.0/firebase-remote-config.js","messaging":"https://www.gstatic.com/firebasejs/10.2.0/firebase-messaging.js","messaging/sw":"https://www.gstatic.com/firebasejs/10.2.0/firebase-messaging/sw.js","database":"https://www.gstatic.com/firebasejs/10.2.0/firebase-database.js","firestore.memory":"https://www.gstatic.com/firebasejs/10.2.0/firebase-firestore.memory.js"}}
[info] +  Wrote public/index.html 
[info] 
[info] i  Didn't detect a .git folder. Assuming C:\Users\kevin\Desktop\Cal\calculadora is the project root. 
[info] i  Authorizing with GitHub to upload your service account to a GitHub repository's secrets store. 
[info] 
[info] Visit this URL on this device to log in:
[info] https://github.com/login/oauth/authorize?client_id=89cf50f02ac6aaed3484&state=1011097875&redirect_uri=http%3A%2F%2Flocalhost%3A9005&scope=read%3Auser%20repo%20public_repo
[info] 
[info] Waiting for authentication...
[debug] [2023-08-21T16:49:55.680Z] >>> [apiv2][query] POST https://github.com/login/oauth/access_token [none]
[debug] [2023-08-21T16:49:55.680Z] >>> [apiv2][body] POST https://github.com/login/oauth/access_token [stream]
[debug] [2023-08-21T16:49:56.112Z] <<< [apiv2][status] POST https://github.com/login/oauth/access_token 200
[debug] [2023-08-21T16:49:56.112Z] <<< [apiv2][body] POST https://github.com/login/oauth/access_token {"access_token":"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","token_type":"bearer","scope":"read:user,repo"}
[debug] [2023-08-21T16:49:56.115Z] >>> [apiv2][query] GET https://api.github.com/user [none]
[debug] [2023-08-21T16:49:56.505Z] <<< [apiv2][status] GET https://api.github.com/user 200
[debug] [2023-08-21T16:49:56.505Z] <<< [apiv2][body] GET https://api.github.com/user {"login":"Chilakill77","id":138149853,"node_id":"U_kgDOCDv_3Q","avatar_url":"https://avatars.githubusercontent.com/u/138149853?v=4","gravatar_id":"","url":"https://api.github.com/users/Chilakill77","html_url":"https://github.com/Chilakill77","followers_url":"https://api.github.com/users/Chilakill77/followers","following_url":"https://api.github.com/users/Chilakill77/following{/other_user}","gists_url":"https://api.github.com/users/Chilakill77/gists{/gist_id}","starred_url":"https://api.github.com/users/Chilakill77/starred{/owner}{/repo}","subscriptions_url":"https://api.github.com/users/Chilakill77/subscriptions","organizations_url":"https://api.github.com/users/Chilakill77/orgs","repos_url":"https://api.github.com/users/Chilakill77/repos","events_url":"https://api.github.com/users/Chilakill77/events{/privacy}","received_events_url":"https://api.github.com/users/Chilakill77/received_events","type":"User","site_admin":false,"name":null,"company":null,"blog":"","location":null,"email":null,"hireable":null,"bio":null,"twitter_username":null,"public_repos":2,"public_gists":0,"followers":0,"following":0,"created_at":"2023-06-29T17:01:58Z","updated_at":"2023-08-16T17:12:40Z","private_gists":0,"total_private_repos":0,"owned_private_repos":0,"disk_usage":1528,"collaborators":0,"two_factor_authentication":false,"plan":{"name":"free","space":976562499,"collaborators":0,"private_repos":10000}}
[info] 
[info] +  Success! Logged into GitHub as Chilakill77 
[info] 
[debug] [2023-08-21T16:50:03.481Z] >>> [apiv2][query] GET https://api.github.com/repos//actions/secrets/public-key type=owner
[debug] [2023-08-21T16:50:03.819Z] <<< [apiv2][status] GET https://api.github.com/repos//actions/secrets/public-key 404
[debug] [2023-08-21T16:50:03.819Z] <<< [apiv2][body] GET https://api.github.com/repos//actions/secrets/public-key {"message":"Not Found","documentation_url":"https://docs.github.com/rest"}
[info] 
[info] 
[error] !  The provided authorization cannot be used with this repository. If this repository is in an organization, did you remember to grant access? 
[info] 
[info] i  Action required: Visit this URL to ensure access has been granted to the appropriate organization(s) for the Firebase CLI GitHub OAuth App: 
[info] https://github.com/settings/connections/applications/89cf50f02ac6aaed3484
[info] 
[debug] [2023-08-21T16:50:05.290Z] >>> [apiv2][query] GET https://api.github.com/repos//actions/secrets/public-key type=owner
[debug] [2023-08-21T16:50:05.435Z] <<< [apiv2][status] GET https://api.github.com/repos//actions/secrets/public-key 404
[debug] [2023-08-21T16:50:05.435Z] <<< [apiv2][body] GET https://api.github.com/repos//actions/secrets/public-key {"message":"Not Found","documentation_url":"https://docs.github.com/rest"}
[info] 
[info] 
[error] !  The provided authorization cannot be used with this repository. If this repository is in an organization, did you remember to grant access? 
[info] 
[info] i  Action required: Visit this URL to ensure access has been granted to the appropriate organization(s) for the Firebase CLI GitHub OAuth App: 
[info] https://github.com/settings/connections/applications/89cf50f02ac6aaed3484
[info] 
